npm WARN @babel/plugin-bugfix-v8-spread-parameters-in-optional-chaining@7.16.7 requires a peer of @babel/core@^7.13.0 but none is installed. You must install peer dependencies yourself.
npm WARN table-resolver@3.3.0 requires a peer of redux@>= 3.0.0 < 4.0.0 but none is installed. You must install peer dependencies yourself.
npm WARN tsutils@3.21.0 requires a peer of typescript@>=2.8.0 || >= 3.2.0-dev || >= 3.3.0-dev || >= 3.4.0-dev || >= 3.5.0-dev || >= 3.6.0-dev || >= 3.6.0-beta || >= 3.7.0-dev || >= 3.7.0-beta but none is installed. You must install peer dependencies yourself.
npm WARN optional SKIPPING OPTIONAL DEPENDENCY: fsevents@2.3.2 (node_modules/fsevents):
npm WARN notsup SKIPPING OPTIONAL DEPENDENCY: Unsupported platform for fsevents@2.3.2: wanted {"os":"darwin","arch":"any"} (current: {"os":"linux","arch":"x64"})
npm WARN optional SKIPPING OPTIONAL DEPENDENCY: fsevents@1.2.13 (node_modules/watchpack-chokidar2/node_modules/fsevents):
npm WARN notsup SKIPPING OPTIONAL DEPENDENCY: Unsupported platform for fsevents@1.2.13: wanted {"os":"darwin","arch":"any"} (current: {"os":"linux","arch":"x64"})
npm WARN optional SKIPPING OPTIONAL DEPENDENCY: fsevents@1.2.13 (node_modules/webpack-dev-server/node_modules/fsevents):
npm WARN notsup SKIPPING OPTIONAL DEPENDENCY: Unsupported platform for fsevents@1.2.13: wanted {"os":"darwin","arch":"any"} (current: {"os":"linux","arch":"x64"})

audited 2024 packages in 8.687s

163 packages are looking for funding
  run `npm fund` for details

found 58 vulnerabilities (3 low, 15 moderate, 25 high, 15 critical)
  run `npm audit fix` to fix them, or `npm audit` for details

> react-scw-config@0.0.1 build /home/gagans/Music/PBCS-148/PBCS-148-Ent/folder2/scw/microfrontends/et-widget-config
> react-app-rewired build

Creating an optimized production build...
Compiled successfully.

File sizes after gzip:

  333.17 KB  build/static/js/react-scw-config-0.0.1.js
  1022 B     build/static/css/main.2b073cb4.css

The project was built assuming it is hosted at the server root.
You can control this with the homepage field in your package.json.
For example, add this to build it for GitHub Pages:

  "homepage" : "http://myname.github.io/myapp",

The build folder is ready to be deployed.

Find out more about deployment here:

  https://cra.link/deployment

